<?xml version="1.0" encoding="UTF-8"?>
<!-- Generated by org.testng.reporters.JUnitReportReporter -->
<testsuite skipped="0" hostname="LAPTOP-HP-VIGGO" name="test.NewTest" tests="1" failures="0" timestamp="02 Feb 2018 04:26:47 GMT" time="0.169" errors="0">
  <testcase name="f" time="0.169" classname="test.NewTest"/>
</testsuite> <!-- test.NewTest -->
